gyp WARN EACCES user "root" does not have permission to access the dev dir "/root/.node-gyp/4.5.0"
gyp WARN EACCES attempting to reinstall using temporary dev dir "/localdisk/opt/buildAgent_xdk/buildAgent_HTML5Tools_1/work/5b9968080c59853a/daemon/release/xdk-daemon-0100-ia32-node-4.5.0/current/node_modules/ws/.node-gyp"
In file included from ../src/bufferutil.cc:7:
/localdisk/opt/buildAgent_xdk/buildAgent_HTML5Tools_1/work/5b9968080c59853a/daemon/release/xdk-daemon-0100-ia32-node-4.5.0/current/node_modules/ws/.node-gyp/4.5.0/include/node/v8.h:336: error: expected unqualified-id before ‘using’
/localdisk/opt/buildAgent_xdk/buildAgent_HTML5Tools_1/work/5b9968080c59853a/daemon/release/xdk-daemon-0100-ia32-node-4.5.0/current/node_modules/ws/.node-gyp/4.5.0/include/node/v8.h: In constructor ‘v8::MaybeLocal<T>::MaybeLocal()’:
/localdisk/opt/buildAgent_xdk/buildAgent_HTML5Tools_1/work/5b9968080c59853a/daemon/release/xdk-daemon-0100-ia32-node-4.5.0/current/node_modules/ws/.node-gyp/4.5.0/include/node/v8.h:353: error: ‘nullptr’ was not declared in this scope
/localdisk/opt/buildAgent_xdk/buildAgent_HTML5Tools_1/work/5b9968080c59853a/daemon/release/xdk-daemon-0100-ia32-node-4.5.0/current/node_modules/ws/.node-gyp/4.5.0/include/node/v8.h: In member function ‘bool v8::MaybeLocal<T>::IsEmpty() const’:
/localdisk/opt/buildAgent_xdk/buildAgent_HTML5Tools_1/work/5b9968080c59853a/daemon/release/xdk-daemon-0100-ia32-node-4.5.0/current/node_modules/ws/.node-gyp/4.5.0/include/node/v8.h:360: error: ‘nullptr’ was not declared in this scope
/localdisk/opt/buildAgent_xdk/buildAgent_HTML5Tools_1/work/5b9968080c59853a/daemon/release/xdk-daemon-0100-ia32-node-4.5.0/current/node_modules/ws/.node-gyp/4.5.0/include/node/v8.h: In member function ‘bool v8::MaybeLocal<T>::ToLocal(v8::Local<S>*) const’:
/localdisk/opt/buildAgent_xdk/buildAgent_HTML5Tools_1/work/5b9968080c59853a/daemon/release/xdk-daemon-0100-ia32-node-4.5.0/current/node_modules/ws/.node-gyp/4.5.0/include/node/v8.h:364: error: ‘nullptr’ was not declared in this scope
/localdisk/opt/buildAgent_xdk/buildAgent_HTML5Tools_1/work/5b9968080c59853a/daemon/release/xdk-daemon-0100-ia32-node-4.5.0/current/node_modules/ws/.node-gyp/4.5.0/include/node/v8.h: In member function ‘bool v8::WeakCallbackInfo<T>::IsFirstPass() const’:
/localdisk/opt/buildAgent_xdk/buildAgent_HTML5Tools_1/work/5b9968080c59853a/daemon/release/xdk-daemon-0100-ia32-node-4.5.0/current/node_modules/ws/.node-gyp/4.5.0/include/node/v8.h:430: error: ‘nullptr’ was not declared in this scope
/localdisk/opt/buildAgent_xdk/buildAgent_HTML5Tools_1/work/5b9968080c59853a/daemon/release/xdk-daemon-0100-ia32-node-4.5.0/current/node_modules/ws/.node-gyp/4.5.0/include/node/v8.h: At global scope:
/localdisk/opt/buildAgent_xdk/buildAgent_HTML5Tools_1/work/5b9968080c59853a/daemon/release/xdk-daemon-0100-ia32-node-4.5.0/current/node_modules/ws/.node-gyp/4.5.0/include/node/v8.h:469: error: expected unqualified-id before ‘using’
/localdisk/opt/buildAgent_xdk/buildAgent_HTML5Tools_1/work/5b9968080c59853a/daemon/release/xdk-daemon-0100-ia32-node-4.5.0/current/node_modules/ws/.node-gyp/4.5.0/include/node/v8.h: In constructor ‘v8::Global<T>::Global()’:
/localdisk/opt/buildAgent_xdk/buildAgent_HTML5Tools_1/work/5b9968080c59853a/daemon/release/xdk-daemon-0100-ia32-node-4.5.0/current/node_modules/ws/.node-gyp/4.5.0/include/node/v8.h:790: error: ‘nullptr’ was not declared in this scope
/localdisk/opt/buildAgent_xdk/buildAgent_HTML5Tools_1/work/5b9968080c59853a/daemon/release/xdk-daemon-0100-ia32-node-4.5.0/current/node_modules/ws/.node-gyp/4.5.0/include/node/v8.h: In constructor ‘v8::Global<T>::Global(v8::Global<T>&&)’:
/localdisk/opt/buildAgent_xdk/buildAgent_HTML5Tools_1/work/5b9968080c59853a/daemon/release/xdk-daemon-0100-ia32-node-4.5.0/current/node_modules/ws/.node-gyp/4.5.0/include/node/v8.h:815: error: ‘nullptr’ was not declared in this scope
/localdisk/opt/buildAgent_xdk/buildAgent_HTML5Tools_1/work/5b9968080c59853a/daemon/release/xdk-daemon-0100-ia32-node-4.5.0/current/node_modules/ws/.node-gyp/4.5.0/include/node/v8.h: In member function ‘v8::Global<T>& v8::Global<T>::operator=(v8::Global<S>&&)’:
/localdisk/opt/buildAgent_xdk/buildAgent_HTML5Tools_1/work/5b9968080c59853a/daemon/release/xdk-daemon-0100-ia32-node-4.5.0/current/node_modules/ws/.node-gyp/4.5.0/include/node/v8.h:827: error: ‘nullptr’ was not declared in this scope
/localdisk/opt/buildAgent_xdk/buildAgent_HTML5Tools_1/work/5b9968080c59853a/daemon/release/xdk-daemon-0100-ia32-node-4.5.0/current/node_modules/ws/.node-gyp/4.5.0/include/node/v8.h: At global scope:
/localdisk/opt/buildAgent_xdk/buildAgent_HTML5Tools_1/work/5b9968080c59853a/daemon/release/xdk-daemon-0100-ia32-node-4.5.0/current/node_modules/ws/.node-gyp/4.5.0/include/node/v8.h:852: error: expected unqualified-id before ‘using’
/localdisk/opt/buildAgent_xdk/buildAgent_HTML5Tools_1/work/5b9968080c59853a/daemon/release/xdk-daemon-0100-ia32-node-4.5.0/current/node_modules/ws/.node-gyp/4.5.0/include/node/v8.h:1089: error: ‘nullptr’ was not declared in this scope
/localdisk/opt/buildAgent_xdk/buildAgent_HTML5Tools_1/work/5b9968080c59853a/daemon/release/xdk-daemon-0100-ia32-node-4.5.0/current/node_modules/ws/.node-gyp/4.5.0/include/node/v8.h:1095: error: ‘nullptr’ was not declared in this scope
/localdisk/opt/buildAgent_xdk/buildAgent_HTML5Tools_1/work/5b9968080c59853a/daemon/release/xdk-daemon-0100-ia32-node-4.5.0/current/node_modules/ws/.node-gyp/4.5.0/include/node/v8.h: In member function ‘v8::MaybeLocal<v8::Object> v8::Function::NewInstance(v8::Local<v8::Context>) const’:
/localdisk/opt/buildAgent_xdk/buildAgent_HTML5Tools_1/work/5b9968080c59853a/daemon/release/xdk-daemon-0100-ia32-node-4.5.0/current/node_modules/ws/.node-gyp/4.5.0/include/node/v8.h:3205: error: ‘nullptr’ was not declared in this scope
/localdisk/opt/buildAgent_xdk/buildAgent_HTML5Tools_1/work/5b9968080c59853a/daemon/release/xdk-daemon-0100-ia32-node-4.5.0/current/node_modules/ws/.node-gyp/4.5.0/include/node/v8.h: In member function ‘v8::Local<T> v8::MaybeLocal<T>::ToLocalChecked()’:
/localdisk/opt/buildAgent_xdk/buildAgent_HTML5Tools_1/work/5b9968080c59853a/daemon/release/xdk-daemon-0100-ia32-node-4.5.0/current/node_modules/ws/.node-gyp/4.5.0/include/node/v8.h:7164: error: ‘nullptr’ was not declared in this scope
In file included from ../src/bufferutil.cc:15:
/localdisk/opt/buildAgent_xdk/buildAgent_HTML5Tools_1/work/5b9968080c59853a/daemon/release/xdk-daemon-0100-ia32-node-4.5.0/current/node_modules/ws/node_modules/nan/nan.h: At global scope:
/localdisk/opt/buildAgent_xdk/buildAgent_HTML5Tools_1/work/5b9968080c59853a/daemon/release/xdk-daemon-0100-ia32-node-4.5.0/current/node_modules/ws/node_modules/nan/nan.h:107: error: ‘v8::Handle’ has not been declared
/localdisk/opt/buildAgent_xdk/buildAgent_HTML5Tools_1/work/5b9968080c59853a/daemon/release/xdk-daemon-0100-ia32-node-4.5.0/current/node_modules/ws/node_modules/nan/nan.h:107: error: expected ‘,’ or ‘...’ before ‘<’ token
/localdisk/opt/buildAgent_xdk/buildAgent_HTML5Tools_1/work/5b9968080c59853a/daemon/release/xdk-daemon-0100-ia32-node-4.5.0/current/node_modules/ws/node_modules/nan/nan.h: In function ‘bool NanBooleanOptionValue(v8::Local<v8::Object>, int)’:
/localdisk/opt/buildAgent_xdk/buildAgent_HTML5Tools_1/work/5b9968080c59853a/daemon/release/xdk-daemon-0100-ia32-node-4.5.0/current/node_modules/ws/node_modules/nan/nan.h:109: error: ‘def’ was not declared in this scope
/localdisk/opt/buildAgent_xdk/buildAgent_HTML5Tools_1/work/5b9968080c59853a/daemon/release/xdk-daemon-0100-ia32-node-4.5.0/current/node_modules/ws/node_modules/nan/nan.h:111: error: ‘opt’ was not declared in this scope
/localdisk/opt/buildAgent_xdk/buildAgent_HTML5Tools_1/work/5b9968080c59853a/daemon/release/xdk-daemon-0100-ia32-node-4.5.0/current/node_modules/ws/node_modules/nan/nan.h:115: error: ‘opt’ was not declared in this scope
/localdisk/opt/buildAgent_xdk/buildAgent_HTML5Tools_1/work/5b9968080c59853a/daemon/release/xdk-daemon-0100-ia32-node-4.5.0/current/node_modules/ws/node_modules/nan/nan.h: At global scope:
/localdisk/opt/buildAgent_xdk/buildAgent_HTML5Tools_1/work/5b9968080c59853a/daemon/release/xdk-daemon-0100-ia32-node-4.5.0/current/node_modules/ws/node_modules/nan/nan.h:122: error: ‘v8::Handle’ has not been declared
/localdisk/opt/buildAgent_xdk/buildAgent_HTML5Tools_1/work/5b9968080c59853a/daemon/release/xdk-daemon-0100-ia32-node-4.5.0/current/node_modules/ws/node_modules/nan/nan.h:122: error: expected ‘,’ or ‘...’ before ‘<’ token
/localdisk/opt/buildAgent_xdk/buildAgent_HTML5Tools_1/work/5b9968080c59853a/daemon/release/xdk-daemon-0100-ia32-node-4.5.0/current/node_modules/ws/node_modules/nan/nan.h: In function ‘bool NanBooleanOptionValue(v8::Local<v8::Object>, int)’:
/localdisk/opt/buildAgent_xdk/buildAgent_HTML5Tools_1/work/5b9968080c59853a/daemon/release/xdk-daemon-0100-ia32-node-4.5.0/current/node_modules/ws/node_modules/nan/nan.h:120: error: redefinition of ‘bool NanBooleanOptionValue(v8::Local<v8::Object>, int)’
/localdisk/opt/buildAgent_xdk/buildAgent_HTML5Tools_1/work/5b9968080c59853a/daemon/release/xdk-daemon-0100-ia32-node-4.5.0/current/node_modules/ws/node_modules/nan/nan.h:105: error: ‘bool NanBooleanOptionValue(v8::Local<v8::Object>, int)’ previously defined here
/localdisk/opt/buildAgent_xdk/buildAgent_HTML5Tools_1/work/5b9968080c59853a/daemon/release/xdk-daemon-0100-ia32-node-4.5.0/current/node_modules/ws/node_modules/nan/nan.h:123: error: ‘opt’ was not declared in this scope
/localdisk/opt/buildAgent_xdk/buildAgent_HTML5Tools_1/work/5b9968080c59853a/daemon/release/xdk-daemon-0100-ia32-node-4.5.0/current/node_modules/ws/node_modules/nan/nan.h: At global scope:
/localdisk/opt/buildAgent_xdk/buildAgent_HTML5Tools_1/work/5b9968080c59853a/daemon/release/xdk-daemon-0100-ia32-node-4.5.0/current/node_modules/ws/node_modules/nan/nan.h:128: error: ‘v8::Handle’ has not been declared
/localdisk/opt/buildAgent_xdk/buildAgent_HTML5Tools_1/work/5b9968080c59853a/daemon/release/xdk-daemon-0100-ia32-node-4.5.0/current/node_modules/ws/node_modules/nan/nan.h:128: error: expected ‘,’ or ‘...’ before ‘<’ token
/localdisk/opt/buildAgent_xdk/buildAgent_HTML5Tools_1/work/5b9968080c59853a/daemon/release/xdk-daemon-0100-ia32-node-4.5.0/current/node_modules/ws/node_modules/nan/nan.h: In function ‘uint32_t NanUInt32OptionValue(v8::Local<v8::Object>, int)’:
/localdisk/opt/buildAgent_xdk/buildAgent_HTML5Tools_1/work/5b9968080c59853a/daemon/release/xdk-daemon-0100-ia32-node-4.5.0/current/node_modules/ws/node_modules/nan/nan.h:132: error: ‘opt’ was not declared in this scope
/localdisk/opt/buildAgent_xdk/buildAgent_HTML5Tools_1/work/5b9968080c59853a/daemon/release/xdk-daemon-0100-ia32-node-4.5.0/current/node_modules/ws/node_modules/nan/nan.h:135: error: ‘def’ was not declared in this scope
/localdisk/opt/buildAgent_xdk/buildAgent_HTML5Tools_1/work/5b9968080c59853a/daemon/release/xdk-daemon-0100-ia32-node-4.5.0/current/node_modules/ws/node_modules/nan/nan.h: In function ‘void NanThrowError(const char*)’:
/localdisk/opt/buildAgent_xdk/buildAgent_HTML5Tools_1/work/5b9968080c59853a/daemon/release/xdk-daemon-0100-ia32-node-4.5.0/current/node_modules/ws/node_modules/nan/nan.h:213: error: ‘ThrowException’ is not a member of ‘v8’
/localdisk/opt/buildAgent_xdk/buildAgent_HTML5Tools_1/work/5b9968080c59853a/daemon/release/xdk-daemon-0100-ia32-node-4.5.0/current/node_modules/ws/node_modules/nan/nan.h:213: error: ‘New’ is not a member of ‘v8::String’
/localdisk/opt/buildAgent_xdk/buildAgent_HTML5Tools_1/work/5b9968080c59853a/daemon/release/xdk-daemon-0100-ia32-node-4.5.0/current/node_modules/ws/node_modules/nan/nan.h: At global scope:
/localdisk/opt/buildAgent_xdk/buildAgent_HTML5Tools_1/work/5b9968080c59853a/daemon/release/xdk-daemon-0100-ia32-node-4.5.0/current/node_modules/ws/node_modules/nan/nan.h:216: error: variable or field ‘NanThrowError’ declared void
/localdisk/opt/buildAgent_xdk/buildAgent_HTML5Tools_1/work/5b9968080c59853a/daemon/release/xdk-daemon-0100-ia32-node-4.5.0/current/node_modules/ws/node_modules/nan/nan.h:216: error: ‘Handle’ is not a member of ‘v8’
/localdisk/opt/buildAgent_xdk/buildAgent_HTML5Tools_1/work/5b9968080c59853a/daemon/release/xdk-daemon-0100-ia32-node-4.5.0/current/node_modules/ws/node_modules/nan/nan.h:216: error: expected primary-expression before ‘>’ token
/localdisk/opt/buildAgent_xdk/buildAgent_HTML5Tools_1/work/5b9968080c59853a/daemon/release/xdk-daemon-0100-ia32-node-4.5.0/current/node_modules/ws/node_modules/nan/nan.h:216: error: ‘error’ was not declared in this scope
/localdisk/opt/buildAgent_xdk/buildAgent_HTML5Tools_1/work/5b9968080c59853a/daemon/release/xdk-daemon-0100-ia32-node-4.5.0/current/node_modules/ws/node_modules/nan/nan.h: In function ‘void NanThrowError(const char*, int)’:
/localdisk/opt/buildAgent_xdk/buildAgent_HTML5Tools_1/work/5b9968080c59853a/daemon/release/xdk-daemon-0100-ia32-node-4.5.0/current/node_modules/ws/node_modules/nan/nan.h:222: error: ‘New’ is not a member of ‘v8::String’
/localdisk/opt/buildAgent_xdk/buildAgent_HTML5Tools_1/work/5b9968080c59853a/daemon/release/xdk-daemon-0100-ia32-node-4.5.0/current/node_modules/ws/node_modules/nan/nan.h:224: error: ‘New’ is not a member of ‘v8::String’
/localdisk/opt/buildAgent_xdk/buildAgent_HTML5Tools_1/work/5b9968080c59853a/daemon/release/xdk-daemon-0100-ia32-node-4.5.0/current/node_modules/ws/node_modules/nan/nan.h:224: error: no matching function for call to ‘v8::Integer::New(const int&)’
/localdisk/opt/buildAgent_xdk/buildAgent_HTML5Tools_1/work/5b9968080c59853a/daemon/release/xdk-daemon-0100-ia32-node-4.5.0/current/node_modules/ws/.node-gyp/4.5.0/include/node/v8.h:2499: note: candidates are: static v8::Local<v8::Integer> v8::Integer::New(v8::Isolate*, int32_t)
/localdisk/opt/buildAgent_xdk/buildAgent_HTML5Tools_1/work/5b9968080c59853a/daemon/release/xdk-daemon-0100-ia32-node-4.5.0/current/node_modules/ws/node_modules/nan/nan.h:225: error: no matching function for call to ‘NanThrowError(v8::Local<v8::Value>&)’
/localdisk/opt/buildAgent_xdk/buildAgent_HTML5Tools_1/work/5b9968080c59853a/daemon/release/xdk-daemon-0100-ia32-node-4.5.0/current/node_modules/ws/node_modules/nan/nan.h:212: note: candidates are: void NanThrowError(const char*)
/localdisk/opt/buildAgent_xdk/buildAgent_HTML5Tools_1/work/5b9968080c59853a/daemon/release/xdk-daemon-0100-ia32-node-4.5.0/current/node_modules/ws/node_modules/nan/nan.h:221: note:                 void NanThrowError(const char*, int)
/localdisk/opt/buildAgent_xdk/buildAgent_HTML5Tools_1/work/5b9968080c59853a/daemon/release/xdk-daemon-0100-ia32-node-4.5.0/current/node_modules/ws/node_modules/nan/nan.h: In function ‘void NanThrowTypeError(const char*)’:
/localdisk/opt/buildAgent_xdk/buildAgent_HTML5Tools_1/work/5b9968080c59853a/daemon/release/xdk-daemon-0100-ia32-node-4.5.0/current/node_modules/ws/node_modules/nan/nan.h:229: error: ‘ThrowException’ is not a member of ‘v8’
/localdisk/opt/buildAgent_xdk/buildAgent_HTML5Tools_1/work/5b9968080c59853a/daemon/release/xdk-daemon-0100-ia32-node-4.5.0/current/node_modules/ws/node_modules/nan/nan.h:229: error: ‘New’ is not a member of ‘v8::String’
/localdisk/opt/buildAgent_xdk/buildAgent_HTML5Tools_1/work/5b9968080c59853a/daemon/release/xdk-daemon-0100-ia32-node-4.5.0/current/node_modules/ws/node_modules/nan/nan.h: In function ‘void NanThrowRangeError(const char*)’:
/localdisk/opt/buildAgent_xdk/buildAgent_HTML5Tools_1/work/5b9968080c59853a/daemon/release/xdk-daemon-0100-ia32-node-4.5.0/current/node_modules/ws/node_modules/nan/nan.h:233: error: ‘ThrowException’ is not a member of ‘v8’
/localdisk/opt/buildAgent_xdk/buildAgent_HTML5Tools_1/work/5b9968080c59853a/daemon/release/xdk-daemon-0100-ia32-node-4.5.0/current/node_modules/ws/node_modules/nan/nan.h:233: error: ‘New’ is not a member of ‘v8::String’
/localdisk/opt/buildAgent_xdk/buildAgent_HTML5Tools_1/work/5b9968080c59853a/daemon/release/xdk-daemon-0100-ia32-node-4.5.0/current/node_modules/ws/node_modules/nan/nan.h: At global scope:
/localdisk/opt/buildAgent_xdk/buildAgent_HTML5Tools_1/work/5b9968080c59853a/daemon/release/xdk-daemon-0100-ia32-node-4.5.0/current/node_modules/ws/node_modules/nan/nan.h:244: error: ‘node::smalloc’ has not been declared
/localdisk/opt/buildAgent_xdk/buildAgent_HTML5Tools_1/work/5b9968080c59853a/daemon/release/xdk-daemon-0100-ia32-node-4.5.0/current/node_modules/ws/node_modules/nan/nan.h:244: error: expected ‘,’ or ‘...’ before ‘callback’
/localdisk/opt/buildAgent_xdk/buildAgent_HTML5Tools_1/work/5b9968080c59853a/daemon/release/xdk-daemon-0100-ia32-node-4.5.0/current/node_modules/ws/node_modules/nan/nan.h: In function ‘v8::Local<v8::Object> NanNewBufferHandle(char*, size_t, int)’:
/localdisk/opt/buildAgent_xdk/buildAgent_HTML5Tools_1/work/5b9968080c59853a/daemon/release/xdk-daemon-0100-ia32-node-4.5.0/current/node_modules/ws/node_modules/nan/nan.h:246: error: ‘callback’ was not declared in this scope
/localdisk/opt/buildAgent_xdk/buildAgent_HTML5Tools_1/work/5b9968080c59853a/daemon/release/xdk-daemon-0100-ia32-node-4.5.0/current/node_modules/ws/node_modules/nan/nan.h:246: error: ‘hint’ was not declared in this scope
/localdisk/opt/buildAgent_xdk/buildAgent_HTML5Tools_1/work/5b9968080c59853a/daemon/release/xdk-daemon-0100-ia32-node-4.5.0/current/node_modules/ws/node_modules/nan/nan.h: In function ‘v8::Local<v8::Object> NanNewBufferHandle(char*, uint32_t)’:
/localdisk/opt/buildAgent_xdk/buildAgent_HTML5Tools_1/work/5b9968080c59853a/daemon/release/xdk-daemon-0100-ia32-node-4.5.0/current/node_modules/ws/node_modules/nan/nan.h:251: error: no matching function for call to ‘New(char*&, uint32_t&)’
/localdisk/opt/buildAgent_xdk/buildAgent_HTML5Tools_1/work/5b9968080c59853a/daemon/release/xdk-daemon-0100-ia32-node-4.5.0/current/node_modules/ws/.node-gyp/4.5.0/include/node/node_buffer.h:31: note: candidates are: v8::MaybeLocal<v8::Object> node::Buffer::New(v8::Isolate*, size_t)
/localdisk/opt/buildAgent_xdk/buildAgent_HTML5Tools_1/work/5b9968080c59853a/daemon/release/xdk-daemon-0100-ia32-node-4.5.0/current/node_modules/ws/.node-gyp/4.5.0/include/node/node_buffer.h:34: note:                 v8::MaybeLocal<v8::Object> node::Buffer::New(v8::Isolate*, v8::Local<v8::String>, node::encoding)
/localdisk/opt/buildAgent_xdk/buildAgent_HTML5Tools_1/work/5b9968080c59853a/daemon/release/xdk-daemon-0100-ia32-node-4.5.0/current/node_modules/ws/.node-gyp/4.5.0/include/node/node_buffer.h:39: note:                 v8::MaybeLocal<v8::Object> node::Buffer::New(v8::Isolate*, char*, size_t, void (*)(char*, void*), void*)
/localdisk/opt/buildAgent_xdk/buildAgent_HTML5Tools_1/work/5b9968080c59853a/daemon/release/xdk-daemon-0100-ia32-node-4.5.0/current/node_modules/ws/.node-gyp/4.5.0/include/node/node_buffer.h:46: note:                 v8::MaybeLocal<v8::Object> node::Buffer::New(v8::Isolate*, char*, size_t)
/localdisk/opt/buildAgent_xdk/buildAgent_HTML5Tools_1/work/5b9968080c59853a/daemon/release/xdk-daemon-0100-ia32-node-4.5.0/current/node_modules/ws/node_modules/nan/nan.h: In function ‘v8::Local<v8::Object> NanNewBufferHandle(uint32_t)’:
/localdisk/opt/buildAgent_xdk/buildAgent_HTML5Tools_1/work/5b9968080c59853a/daemon/release/xdk-daemon-0100-ia32-node-4.5.0/current/node_modules/ws/node_modules/nan/nan.h:255: error: no matching function for call to ‘New(uint32_t&)’
/localdisk/opt/buildAgent_xdk/buildAgent_HTML5Tools_1/work/5b9968080c59853a/daemon/release/xdk-daemon-0100-ia32-node-4.5.0/current/node_modules/ws/.node-gyp/4.5.0/include/node/node_buffer.h:31: note: candidates are: v8::MaybeLocal<v8::Object> node::Buffer::New(v8::Isolate*, size_t)
/localdisk/opt/buildAgent_xdk/buildAgent_HTML5Tools_1/work/5b9968080c59853a/daemon/release/xdk-daemon-0100-ia32-node-4.5.0/current/node_modules/ws/.node-gyp/4.5.0/include/node/node_buffer.h:34: note:                 v8::MaybeLocal<v8::Object> node::Buffer::New(v8::Isolate*, v8::Local<v8::String>, node::encoding)
/localdisk/opt/buildAgent_xdk/buildAgent_HTML5Tools_1/work/5b9968080c59853a/daemon/release/xdk-daemon-0100-ia32-node-4.5.0/current/node_modules/ws/.node-gyp/4.5.0/include/node/node_buffer.h:39: note:                 v8::MaybeLocal<v8::Object> node::Buffer::New(v8::Isolate*, char*, size_t, void (*)(char*, void*), void*)
/localdisk/opt/buildAgent_xdk/buildAgent_HTML5Tools_1/work/5b9968080c59853a/daemon/release/xdk-daemon-0100-ia32-node-4.5.0/current/node_modules/ws/.node-gyp/4.5.0/include/node/node_buffer.h:46: note:                 v8::MaybeLocal<v8::Object> node::Buffer::New(v8::Isolate*, char*, size_t)
/localdisk/opt/buildAgent_xdk/buildAgent_HTML5Tools_1/work/5b9968080c59853a/daemon/release/xdk-daemon-0100-ia32-node-4.5.0/current/node_modules/ws/node_modules/nan/nan.h: In function ‘v8::Local<v8::Object> NanBufferUse(char*, uint32_t)’:
/localdisk/opt/buildAgent_xdk/buildAgent_HTML5Tools_1/work/5b9968080c59853a/daemon/release/xdk-daemon-0100-ia32-node-4.5.0/current/node_modules/ws/node_modules/nan/nan.h:259: error: ‘Use’ is not a member of ‘node::Buffer’
/localdisk/opt/buildAgent_xdk/buildAgent_HTML5Tools_1/work/5b9968080c59853a/daemon/release/xdk-daemon-0100-ia32-node-4.5.0/current/node_modules/ws/node_modules/nan/nan.h: At global scope:
/localdisk/opt/buildAgent_xdk/buildAgent_HTML5Tools_1/work/5b9968080c59853a/daemon/release/xdk-daemon-0100-ia32-node-4.5.0/current/node_modules/ws/node_modules/nan/nan.h:275: error: ‘v8::Handle’ has not been declared
/localdisk/opt/buildAgent_xdk/buildAgent_HTML5Tools_1/work/5b9968080c59853a/daemon/release/xdk-daemon-0100-ia32-node-4.5.0/current/node_modules/ws/node_modules/nan/nan.h:275: error: expected ‘,’ or ‘...’ before ‘<’ token
/localdisk/opt/buildAgent_xdk/buildAgent_HTML5Tools_1/work/5b9968080c59853a/daemon/release/xdk-daemon-0100-ia32-node-4.5.0/current/node_modules/ws/node_modules/nan/nan.h: In function ‘bool NanHasInstance(v8::Persistent<v8::FunctionTemplate, v8::NonCopyablePersistentTraits<v8::FunctionTemplate> >&, int)’:
/localdisk/opt/buildAgent_xdk/buildAgent_HTML5Tools_1/work/5b9968080c59853a/daemon/release/xdk-daemon-0100-ia32-node-4.5.0/current/node_modules/ws/node_modules/nan/nan.h:276: error: ‘value’ was not declared in this scope
/localdisk/opt/buildAgent_xdk/buildAgent_HTML5Tools_1/work/5b9968080c59853a/daemon/release/xdk-daemon-0100-ia32-node-4.5.0/current/node_modules/ws/node_modules/nan/nan.h: At global scope:
/localdisk/opt/buildAgent_xdk/buildAgent_HTML5Tools_1/work/5b9968080c59853a/daemon/release/xdk-daemon-0100-ia32-node-4.5.0/current/node_modules/ws/node_modules/nan/nan.h:281: error: ‘v8::Handle’ has not been declared
/localdisk/opt/buildAgent_xdk/buildAgent_HTML5Tools_1/work/5b9968080c59853a/daemon/release/xdk-daemon-0100-ia32-node-4.5.0/current/node_modules/ws/node_modules/nan/nan.h:281: error: expected ‘,’ or ‘...’ before ‘<’ token
/localdisk/opt/buildAgent_xdk/buildAgent_HTML5Tools_1/work/5b9968080c59853a/daemon/release/xdk-daemon-0100-ia32-node-4.5.0/current/node_modules/ws/node_modules/nan/nan.h: In function ‘v8::Local<v8::Context> NanNewContextHandle(v8::ExtensionConfiguration*, int)’:
/localdisk/opt/buildAgent_xdk/buildAgent_HTML5Tools_1/work/5b9968080c59853a/daemon/release/xdk-daemon-0100-ia32-node-4.5.0/current/node_modules/ws/node_modules/nan/nan.h:279: error: default argument missing for parameter 2 of ‘v8::Local<v8::Context> NanNewContextHandle(v8::ExtensionConfiguration*, int)’
/localdisk/opt/buildAgent_xdk/buildAgent_HTML5Tools_1/work/5b9968080c59853a/daemon/release/xdk-daemon-0100-ia32-node-4.5.0/current/node_modules/ws/node_modules/nan/nan.h:284: error: ‘tmpl’ was not declared in this scope
/localdisk/opt/buildAgent_xdk/buildAgent_HTML5Tools_1/work/5b9968080c59853a/daemon/release/xdk-daemon-0100-ia32-node-4.5.0/current/node_modules/ws/node_modules/nan/nan.h:284: error: ‘obj’ was not declared in this scope
/localdisk/opt/buildAgent_xdk/buildAgent_HTML5Tools_1/work/5b9968080c59853a/daemon/release/xdk-daemon-0100-ia32-node-4.5.0/current/node_modules/ws/node_modules/nan/nan.h: In constructor ‘NanCallback::NanCallback(const v8::Local<v8::Function>&)’:
/localdisk/opt/buildAgent_xdk/buildAgent_HTML5Tools_1/work/5b9968080c59853a/daemon/release/xdk-daemon-0100-ia32-node-4.5.0/current/node_modules/ws/node_modules/nan/nan.h:450: error: no matching function for call to ‘v8::Object::New()’
/localdisk/opt/buildAgent_xdk/buildAgent_HTML5Tools_1/work/5b9968080c59853a/daemon/release/xdk-daemon-0100-ia32-node-4.5.0/current/node_modules/ws/.node-gyp/4.5.0/include/node/v8.h:2933: note: candidates are: static v8::Local<v8::Object> v8::Object::New(v8::Isolate*)
/localdisk/opt/buildAgent_xdk/buildAgent_HTML5Tools_1/work/5b9968080c59853a/daemon/release/xdk-daemon-0100-ia32-node-4.5.0/current/node_modules/ws/node_modules/nan/nan.h:451: error: ‘NewSymbol’ is not a member of ‘v8::String’
/localdisk/opt/buildAgent_xdk/buildAgent_HTML5Tools_1/work/5b9968080c59853a/daemon/release/xdk-daemon-0100-ia32-node-4.5.0/current/node_modules/ws/node_modules/nan/nan.h: In destructor ‘NanCallback::~NanCallback()’:
/localdisk/opt/buildAgent_xdk/buildAgent_HTML5Tools_1/work/5b9968080c59853a/daemon/release/xdk-daemon-0100-ia32-node-4.5.0/current/node_modules/ws/node_modules/nan/nan.h:457: error: ‘class v8::Persistent<v8::Object, v8::NonCopyablePersistentTraits<v8::Object> >’ has no member named ‘Dispose’
/localdisk/opt/buildAgent_xdk/buildAgent_HTML5Tools_1/work/5b9968080c59853a/daemon/release/xdk-daemon-0100-ia32-node-4.5.0/current/node_modules/ws/node_modules/nan/nan.h:458: error: ‘class v8::Persistent<v8::Object, v8::NonCopyablePersistentTraits<v8::Object> >’ has no member named ‘Clear’
/localdisk/opt/buildAgent_xdk/buildAgent_HTML5Tools_1/work/5b9968080c59853a/daemon/release/xdk-daemon-0100-ia32-node-4.5.0/current/node_modules/ws/node_modules/nan/nan.h: In member function ‘v8::Local<v8::Function> NanCallback::GetFunction()’:
/localdisk/opt/buildAgent_xdk/buildAgent_HTML5Tools_1/work/5b9968080c59853a/daemon/release/xdk-daemon-0100-ia32-node-4.5.0/current/node_modules/ws/node_modules/nan/nan.h:462: error: ‘NewSymbol’ is not a member of ‘v8::String’
/localdisk/opt/buildAgent_xdk/buildAgent_HTML5Tools_1/work/5b9968080c59853a/daemon/release/xdk-daemon-0100-ia32-node-4.5.0/current/node_modules/ws/node_modules/nan/nan.h:463: error: expected primary-expression before ‘>’ token
/localdisk/opt/buildAgent_xdk/buildAgent_HTML5Tools_1/work/5b9968080c59853a/daemon/release/xdk-daemon-0100-ia32-node-4.5.0/current/node_modules/ws/node_modules/nan/nan.h:463: error: expected primary-expression before ‘)’ token
/localdisk/opt/buildAgent_xdk/buildAgent_HTML5Tools_1/work/5b9968080c59853a/daemon/release/xdk-daemon-0100-ia32-node-4.5.0/current/node_modules/ws/node_modules/nan/nan.h: In member function ‘void NanCallback::Call(int, v8::Local<v8::Value>*)’:
/localdisk/opt/buildAgent_xdk/buildAgent_HTML5Tools_1/work/5b9968080c59853a/daemon/release/xdk-daemon-0100-ia32-node-4.5.0/current/node_modules/ws/node_modules/nan/nan.h:475: error: ‘NewSymbol’ is not a member of ‘v8::String’
/localdisk/opt/buildAgent_xdk/buildAgent_HTML5Tools_1/work/5b9968080c59853a/daemon/release/xdk-daemon-0100-ia32-node-4.5.0/current/node_modules/ws/node_modules/nan/nan.h:475: error: expected primary-expression before ‘>’ token
/localdisk/opt/buildAgent_xdk/buildAgent_HTML5Tools_1/work/5b9968080c59853a/daemon/release/xdk-daemon-0100-ia32-node-4.5.0/current/node_modules/ws/node_modules/nan/nan.h:475: error: expected primary-expression before ‘)’ token
/localdisk/opt/buildAgent_xdk/buildAgent_HTML5Tools_1/work/5b9968080c59853a/daemon/release/xdk-daemon-0100-ia32-node-4.5.0/current/node_modules/ws/node_modules/nan/nan.h:477: error: ‘GetCurrent’ is not a member of ‘v8::Context’
/localdisk/opt/buildAgent_xdk/buildAgent_HTML5Tools_1/work/5b9968080c59853a/daemon/release/xdk-daemon-0100-ia32-node-4.5.0/current/node_modules/ws/node_modules/nan/nan.h: At global scope:
/localdisk/opt/buildAgent_xdk/buildAgent_HTML5Tools_1/work/5b9968080c59853a/daemon/release/xdk-daemon-0100-ia32-node-4.5.0/current/node_modules/ws/node_modules/nan/nan.h:518: error: ‘uv_work_t’ does not name a type
/localdisk/opt/buildAgent_xdk/buildAgent_HTML5Tools_1/work/5b9968080c59853a/daemon/release/xdk-daemon-0100-ia32-node-4.5.0/current/node_modules/ws/node_modules/nan/nan.h: In constructor ‘NanAsyncWorker::NanAsyncWorker(NanCallback*)’:
/localdisk/opt/buildAgent_xdk/buildAgent_HTML5Tools_1/work/5b9968080c59853a/daemon/release/xdk-daemon-0100-ia32-node-4.5.0/current/node_modules/ws/node_modules/nan/nan.h:490: error: ‘request’ was not declared in this scope
/localdisk/opt/buildAgent_xdk/buildAgent_HTML5Tools_1/work/5b9968080c59853a/daemon/release/xdk-daemon-0100-ia32-node-4.5.0/current/node_modules/ws/node_modules/nan/nan.h: In member function ‘void NanAsyncWorker::SavePersistent(const char*, v8::Local<v8::Object>&)’:
/localdisk/opt/buildAgent_xdk/buildAgent_HTML5Tools_1/work/5b9968080c59853a/daemon/release/xdk-daemon-0100-ia32-node-4.5.0/current/node_modules/ws/node_modules/nan/nan.h:529: error: ‘NewSymbol’ is not a member of ‘v8::String’
/localdisk/opt/buildAgent_xdk/buildAgent_HTML5Tools_1/work/5b9968080c59853a/daemon/release/xdk-daemon-0100-ia32-node-4.5.0/current/node_modules/ws/node_modules/nan/nan.h: In member function ‘v8::Local<v8::Object> NanAsyncWorker::GetFromPersistent(const char*)’:
/localdisk/opt/buildAgent_xdk/buildAgent_HTML5Tools_1/work/5b9968080c59853a/daemon/release/xdk-daemon-0100-ia32-node-4.5.0/current/node_modules/ws/node_modules/nan/nan.h:536: error: ‘NewSymbol’ is not a member of ‘v8::String’
/localdisk/opt/buildAgent_xdk/buildAgent_HTML5Tools_1/work/5b9968080c59853a/daemon/release/xdk-daemon-0100-ia32-node-4.5.0/current/node_modules/ws/node_modules/nan/nan.h:536: error: expected primary-expression before ‘>’ token
/localdisk/opt/buildAgent_xdk/buildAgent_HTML5Tools_1/work/5b9968080c59853a/daemon/release/xdk-daemon-0100-ia32-node-4.5.0/current/node_modules/ws/node_modules/nan/nan.h:536: error: expected primary-expression before ‘)’ token
/localdisk/opt/buildAgent_xdk/buildAgent_HTML5Tools_1/work/5b9968080c59853a/daemon/release/xdk-daemon-0100-ia32-node-4.5.0/current/node_modules/ws/node_modules/nan/nan.h: In member function ‘virtual void NanAsyncWorker::HandleErrorCallback()’:
/localdisk/opt/buildAgent_xdk/buildAgent_HTML5Tools_1/work/5b9968080c59853a/daemon/release/xdk-daemon-0100-ia32-node-4.5.0/current/node_modules/ws/node_modules/nan/nan.h:549: error: ‘New’ is not a member of ‘v8::String’
/localdisk/opt/buildAgent_xdk/buildAgent_HTML5Tools_1/work/5b9968080c59853a/daemon/release/xdk-daemon-0100-ia32-node-4.5.0/current/node_modules/ws/node_modules/nan/nan.h: At global scope:
/localdisk/opt/buildAgent_xdk/buildAgent_HTML5Tools_1/work/5b9968080c59853a/daemon/release/xdk-daemon-0100-ia32-node-4.5.0/current/node_modules/ws/node_modules/nan/nan.h:555: error: variable or field ‘NanAsyncExecute’ declared void
/localdisk/opt/buildAgent_xdk/buildAgent_HTML5Tools_1/work/5b9968080c59853a/daemon/release/xdk-daemon-0100-ia32-node-4.5.0/current/node_modules/ws/node_modules/nan/nan.h:555: error: ‘uv_work_t’ was not declared in this scope
/localdisk/opt/buildAgent_xdk/buildAgent_HTML5Tools_1/work/5b9968080c59853a/daemon/release/xdk-daemon-0100-ia32-node-4.5.0/current/node_modules/ws/node_modules/nan/nan.h:555: error: ‘req’ was not declared in this scope
/localdisk/opt/buildAgent_xdk/buildAgent_HTML5Tools_1/work/5b9968080c59853a/daemon/release/xdk-daemon-0100-ia32-node-4.5.0/current/node_modules/ws/node_modules/nan/nan.h:560: error: variable or field ‘NanAsyncExecuteComplete’ declared void
/localdisk/opt/buildAgent_xdk/buildAgent_HTML5Tools_1/work/5b9968080c59853a/daemon/release/xdk-daemon-0100-ia32-node-4.5.0/current/node_modules/ws/node_modules/nan/nan.h:560: error: ‘uv_work_t’ was not declared in this scope
/localdisk/opt/buildAgent_xdk/buildAgent_HTML5Tools_1/work/5b9968080c59853a/daemon/release/xdk-daemon-0100-ia32-node-4.5.0/current/node_modules/ws/node_modules/nan/nan.h:560: error: ‘req’ was not declared in this scope
/localdisk/opt/buildAgent_xdk/buildAgent_HTML5Tools_1/work/5b9968080c59853a/daemon/release/xdk-daemon-0100-ia32-node-4.5.0/current/node_modules/ws/node_modules/nan/nan.h: In function ‘void NanAsyncQueueWorker(NanAsyncWorker*)’:
/localdisk/opt/buildAgent_xdk/buildAgent_HTML5Tools_1/work/5b9968080c59853a/daemon/release/xdk-daemon-0100-ia32-node-4.5.0/current/node_modules/ws/node_modules/nan/nan.h:568: error: ‘uv_default_loop’ was not declared in this scope
/localdisk/opt/buildAgent_xdk/buildAgent_HTML5Tools_1/work/5b9968080c59853a/daemon/release/xdk-daemon-0100-ia32-node-4.5.0/current/node_modules/ws/node_modules/nan/nan.h:569: error: ‘class NanAsyncWorker’ has no member named ‘request’
/localdisk/opt/buildAgent_xdk/buildAgent_HTML5Tools_1/work/5b9968080c59853a/daemon/release/xdk-daemon-0100-ia32-node-4.5.0/current/node_modules/ws/node_modules/nan/nan.h:570: error: ‘NanAsyncExecute’ was not declared in this scope
/localdisk/opt/buildAgent_xdk/buildAgent_HTML5Tools_1/work/5b9968080c59853a/daemon/release/xdk-daemon-0100-ia32-node-4.5.0/current/node_modules/ws/node_modules/nan/nan.h:571: error: ‘uv_after_work_cb’ was not declared in this scope
/localdisk/opt/buildAgent_xdk/buildAgent_HTML5Tools_1/work/5b9968080c59853a/daemon/release/xdk-daemon-0100-ia32-node-4.5.0/current/node_modules/ws/node_modules/nan/nan.h:572: error: ‘uv_queue_work’ was not declared in this scope
/localdisk/opt/buildAgent_xdk/buildAgent_HTML5Tools_1/work/5b9968080c59853a/daemon/release/xdk-daemon-0100-ia32-node-4.5.0/current/node_modules/ws/node_modules/nan/nan.h: At global scope:
/localdisk/opt/buildAgent_xdk/buildAgent_HTML5Tools_1/work/5b9968080c59853a/daemon/release/xdk-daemon-0100-ia32-node-4.5.0/current/node_modules/ws/node_modules/nan/nan.h:704: error: ‘Handle’ is not a member of ‘v8’
/localdisk/opt/buildAgent_xdk/buildAgent_HTML5Tools_1/work/5b9968080c59853a/daemon/release/xdk-daemon-0100-ia32-node-4.5.0/current/node_modules/ws/node_modules/nan/nan.h:704: error: expected primary-expression before ‘>’ token
/localdisk/opt/buildAgent_xdk/buildAgent_HTML5Tools_1/work/5b9968080c59853a/daemon/release/xdk-daemon-0100-ia32-node-4.5.0/current/node_modules/ws/node_modules/nan/nan.h:704: error: ‘val’ was not declared in this scope
/localdisk/opt/buildAgent_xdk/buildAgent_HTML5Tools_1/work/5b9968080c59853a/daemon/release/xdk-daemon-0100-ia32-node-4.5.0/current/node_modules/ws/node_modules/nan/nan.h:705: error: expected primary-expression before ‘const’
/localdisk/opt/buildAgent_xdk/buildAgent_HTML5Tools_1/work/5b9968080c59853a/daemon/release/xdk-daemon-0100-ia32-node-4.5.0/current/node_modules/ws/node_modules/nan/nan.h:706: error: expected primary-expression before ‘*’ token
/localdisk/opt/buildAgent_xdk/buildAgent_HTML5Tools_1/work/5b9968080c59853a/daemon/release/xdk-daemon-0100-ia32-node-4.5.0/current/node_modules/ws/node_modules/nan/nan.h:706: error: ‘len’ was not declared in this scope
/localdisk/opt/buildAgent_xdk/buildAgent_HTML5Tools_1/work/5b9968080c59853a/daemon/release/xdk-daemon-0100-ia32-node-4.5.0/current/node_modules/ws/node_modules/nan/nan.h:706: error: initializer expression list treated as compound expression
/localdisk/opt/buildAgent_xdk/buildAgent_HTML5Tools_1/work/5b9968080c59853a/daemon/release/xdk-daemon-0100-ia32-node-4.5.0/current/node_modules/ws/node_modules/nan/nan.h:706: error: expected ‘,’ or ‘;’ before ‘{’ token
/localdisk/opt/buildAgent_xdk/buildAgent_HTML5Tools_1/work/5b9968080c59853a/daemon/release/xdk-daemon-0100-ia32-node-4.5.0/current/node_modules/ws/node_modules/nan/nan.h: In function ‘void NanDispose(v8::Persistent<T, v8::NonCopyablePersistentTraits<T> >&) [with T = v8::Object]’:
/localdisk/opt/buildAgent_xdk/buildAgent_HTML5Tools_1/work/5b9968080c59853a/daemon/release/xdk-daemon-0100-ia32-node-4.5.0/current/node_modules/ws/node_modules/nan/nan.h:498:   instantiated from here
/localdisk/opt/buildAgent_xdk/buildAgent_HTML5Tools_1/work/5b9968080c59853a/daemon/release/xdk-daemon-0100-ia32-node-4.5.0/current/node_modules/ws/node_modules/nan/nan.h:237: error: ‘class v8::Persistent<v8::Object, v8::NonCopyablePersistentTraits<v8::Object> >’ has no member named ‘Dispose’
/localdisk/opt/buildAgent_xdk/buildAgent_HTML5Tools_1/work/5b9968080c59853a/daemon/release/xdk-daemon-0100-ia32-node-4.5.0/current/node_modules/ws/node_modules/nan/nan.h:238: error: ‘class v8::Persistent<v8::Object, v8::NonCopyablePersistentTraits<v8::Object> >’ has no member named ‘Clear’
/localdisk/opt/buildAgent_xdk/buildAgent_HTML5Tools_1/work/5b9968080c59853a/daemon/release/xdk-daemon-0100-ia32-node-4.5.0/current/node_modules/ws/node_modules/nan/nan.h: At global scope:
/localdisk/opt/buildAgent_xdk/buildAgent_HTML5Tools_1/work/5b9968080c59853a/daemon/release/xdk-daemon-0100-ia32-node-4.5.0/current/node_modules/ws/node_modules/nan/nan.h:704: warning: ‘_NanGetExternalParts’ defined but not used
make: *** [Release/obj.target/bufferutil/src/bufferutil.o] Error 1
gyp ERR! build error 
gyp ERR! stack Error: `make` failed with exit code: 2
gyp ERR! stack     at ChildProcess.onExit (/home/cd4html5/n/lib/node_modules/npm/node_modules/node-gyp/lib/build.js:276:23)
gyp ERR! stack     at emitTwo (events.js:87:13)
gyp ERR! stack     at ChildProcess.emit (events.js:172:7)
gyp ERR! stack     at Process.ChildProcess._handle.onexit (internal/child_process.js:200:12)
gyp ERR! System Linux 2.6.32-131.0.15.el6.i686
gyp ERR! command "/home/cd4html5/n/bin/node" "/home/cd4html5/n/lib/node_modules/npm/node_modules/node-gyp/bin/node-gyp.js" "rebuild"
gyp ERR! cwd /localdisk/opt/buildAgent_xdk/buildAgent_HTML5Tools_1/work/5b9968080c59853a/daemon/release/xdk-daemon-0100-ia32-node-4.5.0/current/node_modules/ws
gyp ERR! node -v v4.5.0
gyp ERR! node-gyp -v v3.4.0
gyp ERR! not ok 
